<?xml version="1.0" encoding="UTF-8"?>
<!-- Generated by org.testng.reporters.JUnitXMLReporter -->
<testsuite hostname="LAPTOP-L45CF4AI" name="Default test" tests="3" failures="0" timestamp="17 Jul 2019 16:35:22 GMT" time="34.112" errors="0">
  <testcase name="Verifylinks" time="3.625" classname="com.yahoo.com.yahoo.Signup_test"/>
  <testcase name="Verifynegativetestcases" time="0.607" classname="com.yahoo.com.yahoo.Signup_test"/>
  <testcase name="VerifySignup" time="3.182" classname="com.yahoo.com.yahoo.Signup_test"/>
</testsuite> <!-- Default test -->
