<?xml version="1.0" encoding="UTF-8"?>
<testng-results skipped="0" failed="0" total="3" passed="3">
  <reporter-output>
  </reporter-output>
  <suite name="Default suite" duration-ms="34112" started-at="2019-07-17T16:34:47Z" finished-at="2019-07-17T16:35:22Z">
    <groups>
    </groups>
    <test name="Default test" duration-ms="34112" started-at="2019-07-17T16:34:47Z" finished-at="2019-07-17T16:35:22Z">
      <class name="com.yahoo.com.yahoo.Signup_test">
        <test-method status="PASS" signature="beforeTest()[pri:0, instance:com.yahoo.com.yahoo.Signup_test@c4039c]" name="beforeTest" is-config="true" duration-ms="8164" started-at="2019-07-17T22:04:47Z" finished-at="2019-07-17T22:04:56Z">
          <reporter-output>
          </reporter-output>
        </test-method> <!-- beforeTest -->
        <test-method status="PASS" signature="Verifylinks()[pri:0, instance:com.yahoo.com.yahoo.Signup_test@c4039c]" name="Verifylinks" duration-ms="3625" started-at="2019-07-17T22:04:56Z" description="This test case is to verify terms and privacy links" finished-at="2019-07-17T22:04:59Z">
          <reporter-output>
          </reporter-output>
        </test-method> <!-- Verifylinks -->
        <test-method status="PASS" signature="beforeTest()[pri:0, instance:com.yahoo.com.yahoo.Signup_test@c4039c]" name="beforeTest" is-config="true" duration-ms="7471" started-at="2019-07-17T22:04:59Z" finished-at="2019-07-17T22:05:07Z">
          <reporter-output>
          </reporter-output>
        </test-method> <!-- beforeTest -->
        <test-method status="PASS" signature="Verifynegativetestcases()[pri:0, instance:com.yahoo.com.yahoo.Signup_test@c4039c]" name="Verifynegativetestcases" duration-ms="607" started-at="2019-07-17T22:05:07Z" description="This test case is to verify signup negative cases" finished-at="2019-07-17T22:05:07Z">
          <reporter-output>
          </reporter-output>
        </test-method> <!-- Verifynegativetestcases -->
        <test-method status="PASS" signature="beforeTest()[pri:0, instance:com.yahoo.com.yahoo.Signup_test@c4039c]" name="beforeTest" is-config="true" duration-ms="10234" started-at="2019-07-17T22:05:08Z" finished-at="2019-07-17T22:05:18Z">
          <reporter-output>
          </reporter-output>
        </test-method> <!-- beforeTest -->
        <test-method status="PASS" signature="VerifySignup(java.lang.String, java.lang.String, java.lang.String, java.lang.String, java.lang.String, java.lang.String, java.lang.String, java.lang.String)[pri:0, instance:com.yahoo.com.yahoo.Signup_test@c4039c]" name="VerifySignup" duration-ms="3182" started-at="2019-07-17T22:05:18Z" description="this test case is to verify signup positive test cases and sucess registration till verification page  " data-provider="testdata" finished-at="2019-07-17T22:05:22Z">
          <params>
            <param index="0">
              <value>
                <![CDATA[jino]]>
              </value>
            </param>
            <param index="1">
              <value>
                <![CDATA[philip]]>
              </value>
            </param>
            <param index="2">
              <value>
                <![CDATA[jino121@gmail.com]]>
              </value>
            </param>
            <param index="3">
              <value>
                <![CDATA[123456789002]]>
              </value>
            </param>
            <param index="4">
              <value>
                <![CDATA[April]]>
              </value>
            </param>
            <param index="5">
              <value>
                <![CDATA[21]]>
              </value>
            </param>
            <param index="6">
              <value>
                <![CDATA[1990]]>
              </value>
            </param>
            <param index="7">
              <value>
                <![CDATA[m]]>
              </value>
            </param>
          </params>
          <reporter-output>
          </reporter-output>
        </test-method> <!-- VerifySignup -->
      </class> <!-- com.yahoo.com.yahoo.Signup_test -->
    </test> <!-- Default test -->
  </suite> <!-- Default suite -->
</testng-results>
